  fold  0 2010-01-01 -> 2010-04-01: train=123,800 test=6,007
  fold  1 2010-04-01 -> 2010-07-01: train=129,807 test=6,171
  fold  2 2010-07-01 -> 2010-10-01: train=135,978 test=6,208
  fold  3 2010-10-01 -> 2011-01-01: train=142,186 test=6,208
  fold  4 2011-01-01 -> 2011-04-01: train=148,394 test=6,128
  fold  5 2011-04-01 -> 2011-07-01: train=154,522 test=6,237
  fold  6 2011-07-01 -> 2011-10-01: train=160,759 test=6,336
  fold  7 2011-10-01 -> 2012-01-01: train=167,095 test=6,237
  fold  8 2012-01-01 -> 2012-04-01: train=173,332 test=6,136
  fold  9 2012-04-01 -> 2012-07-01: train=179,468 test=6,237
  fold 10 2012-07-01 -> 2012-10-01: train=185,705 test=6,224
  fold 11 2012-10-01 -> 2013-01-01: train=191,929 test=6,137
  fold 12 2013-01-01 -> 2013-04-01: train=198,066 test=5,940
  fold 13 2013-04-01 -> 2013-07-01: train=204,006 test=6,327
  fold 14 2013-07-01 -> 2013-10-01: train=210,333 test=6,336
  fold 15 2013-10-01 -> 2014-01-01: train=216,669 test=6,336
  fold 16 2014-01-01 -> 2014-04-01: train=223,005 test=6,039
  fold 17 2014-04-01 -> 2014-07-01: train=229,044 test=6,236
  fold 18 2014-07-01 -> 2014-10-01: train=235,280 test=6,336
  fold 19 2014-10-01 -> 2015-01-01: train=241,616 test=6,335
  fold 20 2015-01-01 -> 2015-04-01: train=247,951 test=6,028
  fold 21 2015-04-01 -> 2015-07-01: train=253,979 test=6,174
  fold 22 2015-07-01 -> 2015-10-01: train=260,153 test=6,272
  fold 23 2015-10-01 -> 2016-01-01: train=266,425 test=6,272
  fold 24 2016-01-01 -> 2016-04-01: train=272,697 test=6,039
  fold 25 2016-04-01 -> 2016-07-01: train=278,736 test=6,305
  fold 26 2016-07-01 -> 2016-10-01: train=285,041 test=6,254
  fold 27 2016-10-01 -> 2017-01-01: train=291,295 test=6,159
  fold 28 2017-01-01 -> 2017-04-01: train=297,454 test=6,200
  fold 29 2017-04-01 -> 2017-07-01: train=303,654 test=6,300
  fold 30 2017-07-01 -> 2017-10-01: train=309,954 test=6,212
  fold 31 2017-10-01 -> 2018-01-01: train=316,166 test=6,111
  fold 32 2018-01-01 -> 2018-04-01: train=322,277 test=5,813
  fold 33 2018-04-01 -> 2018-07-01: train=328,090 test=6,300
  fold 34 2018-07-01 -> 2018-10-01: train=334,390 test=6,237
  fold 35 2018-10-01 -> 2019-01-01: train=340,627 test=6,216
  fold 36 2019-01-01 -> 2019-04-01: train=346,843 test=6,091
  fold 37 2019-04-01 -> 2019-07-01: train=352,934 test=6,232
  fold 38 2019-07-01 -> 2019-10-01: train=359,166 test=6,336
  fold 39 2019-10-01 -> 2020-01-01: train=365,502 test=6,334
  fold 40 2020-01-01 -> 2020-04-01: train=371,836 test=6,187
  fold 41 2020-04-01 -> 2020-07-01: train=378,023 test=6,234
  fold 42 2020-07-01 -> 2020-10-01: train=384,257 test=6,329
  fold 43 2020-10-01 -> 2021-01-01: train=390,586 test=6,235
  fold 44 2021-01-01 -> 2021-04-01: train=396,821 test=5,963
  fold 45 2021-04-01 -> 2021-07-01: train=402,784 test=6,090
  fold 46 2021-07-01 -> 2021-10-01: train=408,874 test=6,357
  fold 47 2021-10-01 -> 2022-01-01: train=415,231 test=6,171
  fold 48 2022-01-01 -> 2022-04-01: train=421,402 test=6,191
  fold 49 2022-04-01 -> 2022-07-01: train=427,593 test=6,100
  fold 50 2022-07-01 -> 2022-10-01: train=433,693 test=6,300
  fold 51 2022-10-01 -> 2023-01-01: train=439,993 test=6,000
  fold 52 2023-01-01 -> 2023-04-01: train=445,993 test=6,099
  fold 53 2023-04-01 -> 2023-07-01: train=452,092 test=5,996
  fold 54 2023-07-01 -> 2023-10-01: train=458,088 test=6,098
  fold 55 2023-10-01 -> 2024-01-01: train=464,186 test=6,182
  fold 56 2024-01-01 -> 2024-04-01: train=470,368 test=5,966
  fold 57 2024-04-01 -> 2024-07-01: train=476,334 test=6,154
  fold 58 2024-07-01 -> 2024-10-01: train=482,488 test=6,361
  fold 59 2024-10-01 -> 2025-01-01: train=488,849 test=6,199
  fold 60 2025-01-01 -> 2025-04-01: train=495,048 test=5,984
  fold 61 2025-04-01 -> 2025-07-01: train=501,032 test=6,183
  fold 62 2025-07-01 -> 2025-10-01: train=507,215 test=6,363
  fold 63 2025-10-01 -> 2026-01-01: train=513,578 test=6,265

E0 point-forecast sanity (n=394,213 OOS stock-days)
model       QLIKE  RMSE(log)
har        0.1937     0.5320
lgbm       0.1883     0.5286
pool       0.1906     0.5302

DM-HAC (negative favors first model):
  pool vs har: DM=-1.92  p=0.0544
  pool vs lgbm: DM=+0.86  p=0.3871
  lgbm vs har: DM=-1.66  p=0.0973

saved -> /Users/shivamarora/Documents/research-final/reports/e0_point_sanity.csv and e0_predictions.parquet
