  fold  0 2010-01-01 -> 2010-04-01: train=115,633 test=5,734
  fold  1 2010-04-01 -> 2010-07-01: train=121,367 test=5,924
  fold  2 2010-07-01 -> 2010-10-01: train=127,291 test=6,080
  fold  3 2010-10-01 -> 2011-01-01: train=133,371 test=6,080
  fold  4 2011-01-01 -> 2011-04-01: train=139,451 test=5,890
  fold  5 2011-04-01 -> 2011-07-01: train=145,341 test=5,984
  fold  6 2011-07-01 -> 2011-10-01: train=151,325 test=6,080
  fold  7 2011-10-01 -> 2012-01-01: train=157,405 test=5,985
  fold  8 2012-01-01 -> 2012-04-01: train=163,390 test=5,890
  fold  9 2012-04-01 -> 2012-07-01: train=169,280 test=6,016
  fold 10 2012-07-01 -> 2012-10-01: train=175,296 test=6,105
  fold 11 2012-10-01 -> 2013-01-01: train=181,401 test=6,013
  fold 12 2013-01-01 -> 2013-04-01: train=187,414 test=5,880
  fold 13 2013-04-01 -> 2013-07-01: train=193,294 test=6,270
  fold 14 2013-07-01 -> 2013-10-01: train=199,564 test=6,272
  fold 15 2013-10-01 -> 2014-01-01: train=205,836 test=6,272
  fold 16 2014-01-01 -> 2014-04-01: train=212,108 test=5,978
  fold 17 2014-04-01 -> 2014-07-01: train=218,086 test=6,173
  fold 18 2014-07-01 -> 2014-10-01: train=224,259 test=6,272
  fold 19 2014-10-01 -> 2015-01-01: train=230,531 test=6,272
  fold 20 2015-01-01 -> 2015-04-01: train=236,803 test=5,978
  fold 21 2015-04-01 -> 2015-07-01: train=242,781 test=6,173
  fold 22 2015-07-01 -> 2015-10-01: train=248,954 test=6,272
  fold 23 2015-10-01 -> 2016-01-01: train=255,226 test=6,272
  fold 24 2016-01-01 -> 2016-04-01: train=261,498 test=6,031
  fold 25 2016-04-01 -> 2016-07-01: train=267,529 test=6,335
  fold 26 2016-07-01 -> 2016-10-01: train=273,864 test=6,336
  fold 27 2016-10-01 -> 2017-01-01: train=280,200 test=6,285
  fold 28 2017-01-01 -> 2017-04-01: train=286,485 test=6,200
  fold 29 2017-04-01 -> 2017-07-01: train=292,685 test=6,300
  fold 30 2017-07-01 -> 2017-10-01: train=298,985 test=6,300
  fold 31 2017-10-01 -> 2018-01-01: train=305,285 test=6,300
  fold 32 2018-01-01 -> 2018-04-01: train=311,585 test=5,804
  fold 33 2018-04-01 -> 2018-07-01: train=317,389 test=6,310
  fold 34 2018-07-01 -> 2018-10-01: train=323,699 test=6,300
  fold 35 2018-10-01 -> 2019-01-01: train=329,999 test=6,300
  fold 36 2019-01-01 -> 2019-04-01: train=336,299 test=6,100
  fold 37 2019-04-01 -> 2019-07-01: train=342,399 test=6,300
  fold 38 2019-07-01 -> 2019-10-01: train=348,699 test=6,400
  fold 39 2019-10-01 -> 2020-01-01: train=355,099 test=6,394
  fold 40 2020-01-01 -> 2020-04-01: train=361,493 test=6,191
  fold 41 2020-04-01 -> 2020-07-01: train=367,684 test=6,296
  fold 42 2020-07-01 -> 2020-10-01: train=373,980 test=6,393
  fold 43 2020-10-01 -> 2021-01-01: train=380,373 test=6,297
  fold 44 2021-01-01 -> 2021-04-01: train=386,670 test=5,965
  fold 45 2021-04-01 -> 2021-07-01: train=392,635 test=6,090
  fold 46 2021-07-01 -> 2021-10-01: train=398,725 test=6,357
  fold 47 2021-10-01 -> 2022-01-01: train=405,082 test=6,169
  fold 48 2022-01-01 -> 2022-04-01: train=411,251 test=6,190
  fold 49 2022-04-01 -> 2022-07-01: train=417,441 test=6,100
  fold 50 2022-07-01 -> 2022-10-01: train=423,541 test=6,300
  fold 51 2022-10-01 -> 2023-01-01: train=429,841 test=6,000
  fold 52 2023-01-01 -> 2023-04-01: train=435,841 test=6,099
  fold 53 2023-04-01 -> 2023-07-01: train=441,940 test=5,994
  fold 54 2023-07-01 -> 2023-10-01: train=447,934 test=6,098
  fold 55 2023-10-01 -> 2024-01-01: train=454,032 test=6,183
  fold 56 2024-01-01 -> 2024-04-01: train=460,215 test=5,961
  fold 57 2024-04-01 -> 2024-07-01: train=466,176 test=6,155
  fold 58 2024-07-01 -> 2024-10-01: train=472,331 test=6,358
  fold 59 2024-10-01 -> 2025-01-01: train=478,689 test=6,241
  fold 60 2025-01-01 -> 2025-04-01: train=484,930 test=5,975
  fold 61 2025-04-01 -> 2025-07-01: train=490,905 test=6,186
  fold 62 2025-07-01 -> 2025-10-01: train=497,091 test=6,360
  fold 63 2025-10-01 -> 2026-01-01: train=503,451 test=6,258

E0 point-forecast sanity (n=393,892 OOS stock-days)
model       QLIKE  RMSE(log)
har        0.1923     0.5317
lgbm       0.1898     0.5292
pool       0.1918     0.5313

DM-HAC (negative favors first model):
  pool vs har: DM=-1.92  p=0.0545
  pool vs lgbm: DM=+0.73  p=0.4683
  lgbm vs har: DM=-0.90  p=0.3655

saved -> /Users/shivamarora/Documents/research-final/reports/e0_point_sanity.csv and e0_predictions.parquet
