[1/3] per-stock ACI / DtACI / SF-OGD / HAR-QREG across cores ...
[2/3] KNN-state similarity conformal ...
[3/3] rc_hand + rc_adaptive ...
common sample: 269,705 stock-days
                        stage  stock_days
         full panel 2005-2025      519843
with pool forecast and target      394213
                usable by aci      375072
              usable by dtaci      375072
              usable by sfogd      375072
             usable by tcp_rm      375072
           usable by har_qreg      269705
          usable by knn_state      365569
            usable by rc_hand      365569
        usable by rc_adaptive      365569
          usable by pooled_k1      365569
           usable by xs_panel      365569
 common sample (intersection)      269705

=== E2 main table (alpha=0.10, common sample) ===
             marginal  cov_calm  cov_normal  cov_elevated  cov_stress  cov_stress_upper   width  width_stress
method                                                                                                       
aci            0.8986    0.8969      0.9054        0.9148      0.8292            0.9006  1.7030        1.8030
dtaci          0.8986    0.8972      0.9047        0.9128      0.8360            0.9058  1.6993        1.8700
sfogd          0.8992    0.8983      0.9030        0.9147      0.8403            0.9102  1.7342        1.9091
tcp_rm         0.8995    0.8991      0.9019        0.9124      0.8488            0.9190  1.7895        2.0686
har_qreg       0.8899    0.8864      0.9020        0.9050      0.8147            0.8484  1.6452        1.7076
knn_state      0.8941    0.8920      0.8974        0.9164      0.8294            0.9081  1.6670        1.8367
rc_hand        0.8976    0.8986      0.8975        0.8994      0.8818            0.9405  1.6955        2.2514
rc_adaptive    0.8992    0.9000      0.8995        0.9014      0.8812            0.9398  1.7256        2.3372
pooled_k1      0.9002    0.9014      0.9005        0.9038      0.8731            0.9414  1.7283        2.2684
xs_panel       0.9003    0.9073      0.9051        0.8882      0.8272            0.9326  1.8000        1.9853

=== MCS over daily interval scores ===
             mean_loss  mcs_pvalue  in_mcs
rc_hand         2.3185      0.6955    True
dtaci           2.3277      0.6955    True
rc_adaptive     2.3290      0.6955    True
har_qreg        2.3310      0.6955    True
pooled_k1       2.3318      0.6955    True
aci             2.3323      0.6955    True
knn_state       2.3325      0.6955    True
sfogd           2.3606      0.0000   False
xs_panel        2.3985      0.0000   False
tcp_rm          2.4113      0.0000   False

=== Date-clustered coverage inference ===
     method    slice  coverage     se  n_dates  diff_vs_rc  t_vs_rc  p_vs_rc
        aci marginal    0.8986 0.0024     3252      0.0005   0.4054   0.6852
        aci   stress    0.8299 0.0255      150      0.0506   3.0537   0.0023
      dtaci marginal    0.8986 0.0023     3252      0.0006   0.4644   0.6423
      dtaci   stress    0.8366 0.0254      150      0.0438   2.7801   0.0054
      sfogd marginal    0.8992 0.0023     3252     -0.0000  -0.0425   0.9661
      sfogd   stress    0.8408 0.0247      150      0.0396   2.6326   0.0085
     tcp_rm marginal    0.8994 0.0022     3252     -0.0003  -0.2573   0.7969
     tcp_rm   stress    0.8496 0.0240      150      0.0308   2.2088   0.0272
   har_qreg marginal    0.8898 0.0026     3252      0.0094   4.5339   0.0000
   har_qreg   stress    0.8158 0.0261      150      0.0646   2.7069   0.0068
  knn_state marginal    0.8941 0.0024     3252      0.0051   3.4448   0.0006
  knn_state   stress    0.8301 0.0262      150      0.0503   2.7812   0.0054
    rc_hand marginal    0.8976 0.0021     3252      0.0015   2.0594   0.0395
    rc_hand   stress    0.8810 0.0185      150     -0.0006  -0.1513   0.8798
rc_adaptive marginal    0.8991 0.0019     3252         NaN      NaN      NaN
rc_adaptive   stress    0.8804 0.0185      150         NaN      NaN      NaN
  pooled_k1 marginal    0.9001 0.0018     3252     -0.0010  -1.1695   0.2422
  pooled_k1   stress    0.8735 0.0183      150      0.0069   0.6316   0.5277
   xs_panel marginal    0.9001 0.0019     3252     -0.0010  -0.5495   0.5826
   xs_panel   stress    0.8271 0.0180      150      0.0533   3.2200   0.0013

=== Per-stock coverage distribution ===
     method    slice  n_stocks    q05    q10    q25  median    q75  share_below_85
        aci marginal       136 0.8846 0.8915 0.8969  0.8984 0.9001          0.0000
        aci   stress       107 0.7572 0.7800 0.8076  0.8389 0.8592          0.7009
rc_adaptive marginal       136 0.8832 0.8854 0.8929  0.8986 0.9056          0.0000
rc_adaptive   stress       107 0.8342 0.8465 0.8600  0.8800 0.9000          0.1402

saved -> reports/e2_full_summary.csv, reports/e2_full_mcs.csv, reports/e2_clustered_se.csv, reports/e2_sample_flow.csv, reports/e2_per_stock_coverage.csv
