VaR panel: 393,892 stock-days

=== VaR 95% (n=368,892) ===
method        rate    calm  stress  kupiec%  christ%    dq%
normal      0.0753  0.0673  0.1277     0.01     0.72   0.00
fhs         0.0526  0.0477  0.0922     1.00     0.70   0.56
garch_t     0.0557  0.0443  0.1146     0.59     0.73   0.32
caviar      0.0551  0.0449  0.1141     0.75     0.60   0.35
aci         0.0508  0.0467  0.0888     1.00     0.74   0.74
rc_panel    0.0515  0.0511  0.0563     0.74     0.72   0.65
rc_adaptive  0.0501  0.0500  0.0570     0.76     0.82   0.71

=== VaR 99% (n=368,892) ===
method        rate    calm  stress  kupiec%  christ%    dq%
normal      0.0324  0.0279  0.0688     0.00     0.71   0.00
fhs         0.0127  0.0117  0.0305     0.81     0.80   0.52
garch_t     0.0135  0.0102  0.0372     0.52     0.86   0.36
caviar      0.0149  0.0111  0.0411     0.47     0.80   0.27
aci         0.0135  0.0121  0.0344     0.48     0.79   0.38
rc_panel    0.0119  0.0114  0.0171     0.79     0.88   0.65
rc_adaptive  0.0108  0.0102  0.0186     0.84     0.87   0.77

saved -> /Users/shivamarora/Documents/research-final/reports/e3_var_summary.csv
