$AGN: possibly delisted; no timezone found

1 Failed download:
['AGN']: possibly delisted; no timezone found
$APC: possibly delisted; no price data found  (1d 2005-01-03 -> 2026-01-01) (Yahoo error = "Data doesn't exist for startDate = 1104728400, endDate = 1767243600")

1 Failed download:
['APC']: possibly delisted; no price data found  (1d 2005-01-03 -> 2026-01-01) (Yahoo error = "Data doesn't exist for startDate = 1104728400, endDate = 1767243600")
$ATVI: possibly delisted; no timezone found

1 Failed download:
['ATVI']: possibly delisted; no timezone found
$BLS: possibly delisted; no price data found  (1d 2005-01-03 -> 2026-01-01)

1 Failed download:
['BLS']: possibly delisted; no price data found  (1d 2005-01-03 -> 2026-01-01)
$BNI: possibly delisted; no price data found  (1d 2005-01-03 -> 2026-01-01)

1 Failed download:
['BNI']: possibly delisted; no price data found  (1d 2005-01-03 -> 2026-01-01)
$BRK_17778: possibly delisted; no timezone found

1 Failed download:
['BRK_17778']: possibly delisted; no timezone found
$BRK_83443: possibly delisted; no timezone found

1 Failed download:
['BRK_83443']: possibly delisted; no timezone found
$CELG: possibly delisted; no timezone found

1 Failed download:
['CELG']: possibly delisted; no timezone found
$DTV: possibly delisted; no timezone found

1 Failed download:
['DTV']: possibly delisted; no timezone found
$DWDP: possibly delisted; no timezone found

1 Failed download:
['DWDP']: possibly delisted; no timezone found
$FDC: possibly delisted; no timezone found

1 Failed download:
['FDC']: possibly delisted; no timezone found
$FI: possibly delisted; no timezone found

1 Failed download:
['FI']: possibly delisted; no timezone found
$FNM: possibly delisted; no price data found  (1d 2005-01-03 -> 2026-01-01)

1 Failed download:
['FNM']: possibly delisted; no price data found  (1d 2005-01-03 -> 2026-01-01)
$FRE: possibly delisted; no price data found  (1d 2005-01-03 -> 2026-01-01)

1 Failed download:
['FRE']: possibly delisted; no price data found  (1d 2005-01-03 -> 2026-01-01)
$KRB: possibly delisted; no price data found  (1d 2005-01-03 -> 2026-01-01)

1 Failed download:
['KRB']: possibly delisted; no price data found  (1d 2005-01-03 -> 2026-01-01)
$LEH: possibly delisted; no price data found  (1d 2005-01-03 -> 2026-01-01)

1 Failed download:
['LEH']: possibly delisted; no price data found  (1d 2005-01-03 -> 2026-01-01)
$LTR: possibly delisted; no price data found  (1d 2005-01-03 -> 2026-01-01)

1 Failed download:
['LTR']: possibly delisted; no price data found  (1d 2005-01-03 -> 2026-01-01)
$MER: possibly delisted; no price data found  (1d 2005-01-03 -> 2026-01-01) (Yahoo error = "Data doesn't exist for startDate = 1104728400, endDate = 1767243600")

1 Failed download:
['MER']: possibly delisted; no price data found  (1d 2005-01-03 -> 2026-01-01) (Yahoo error = "Data doesn't exist for startDate = 1104728400, endDate = 1767243600")
$MHS: possibly delisted; no price data found  (1d 2005-01-03 -> 2026-01-01)

1 Failed download:
['MHS']: possibly delisted; no price data found  (1d 2005-01-03 -> 2026-01-01)
$MMC: possibly delisted; no timezone found

1 Failed download:
['MMC']: possibly delisted; no timezone found
$MON: possibly delisted; no timezone found

1 Failed download:
['MON']: possibly delisted; no timezone found
$MOT: possibly delisted; no price data found  (1d 2005-01-03 -> 2026-01-01)

1 Failed download:
['MOT']: possibly delisted; no price data found  (1d 2005-01-03 -> 2026-01-01)
$MRO: possibly delisted; no timezone found

1 Failed download:
['MRO']: possibly delisted; no timezone found
$NXTL: possibly delisted; no price data found  (1d 2005-01-03 -> 2026-01-01)

1 Failed download:
['NXTL']: possibly delisted; no price data found  (1d 2005-01-03 -> 2026-01-01)
$PX: possibly delisted; no timezone found

1 Failed download:
['PX']: possibly delisted; no timezone found
$RAI: possibly delisted; no price data found  (1d 2005-01-03 -> 2026-01-01)

1 Failed download:
['RAI']: possibly delisted; no price data found  (1d 2005-01-03 -> 2026-01-01)
$RTN: possibly delisted; no timezone found

1 Failed download:
['RTN']: possibly delisted; no timezone found
$SGP: possibly delisted; no price data found  (1d 2005-01-03 -> 2026-01-01) (Yahoo error = "Data doesn't exist for startDate = 1104728400, endDate = 1767243600")

1 Failed download:
['SGP']: possibly delisted; no price data found  (1d 2005-01-03 -> 2026-01-01) (Yahoo error = "Data doesn't exist for startDate = 1104728400, endDate = 1767243600")
$SQ: possibly delisted; no timezone found

1 Failed download:
['SQ']: possibly delisted; no timezone found
$S_14040: possibly delisted; no timezone found

1 Failed download:
['S_14040']: possibly delisted; no timezone found
$S_39087: possibly delisted; no timezone found

1 Failed download:
['S_39087']: possibly delisted; no timezone found
$TWC: possibly delisted; no price data found  (1d 2005-01-03 -> 2026-01-01)

1 Failed download:
['TWC']: possibly delisted; no price data found  (1d 2005-01-03 -> 2026-01-01)
$WBA: possibly delisted; no timezone found

1 Failed download:
['WBA']: possibly delisted; no timezone found
$WYE: possibly delisted; no price data found  (1d 2005-01-03 -> 2026-01-01)

1 Failed download:
['WYE']: possibly delisted; no price data found  (1d 2005-01-03 -> 2026-01-01)
$XTO: possibly delisted; no price data found  (1d 2005-01-03 -> 2026-01-01)

1 Failed download:
['XTO']: possibly delisted; no price data found  (1d 2005-01-03 -> 2026-01-01)
$YHOO: possibly delisted; no timezone found

1 Failed download:
['YHOO']: possibly delisted; no timezone found
VaR panel: 369,818 stock-days

=== VaR 95% (n=328,704) ===
method        rate    calm  stress  kupiec%  christ%    dq%
normal      0.0752  0.0679  0.1247     0.11     0.81   0.11
fhs         0.0524  0.0481  0.0903     0.96     0.79   0.74
garch_t     0.0569  0.0454  0.1188     0.61     0.81   0.50
caviar      0.0571  0.0447  0.1263     0.70     0.71   0.48
aci         0.0507  0.0469  0.0862     0.99     0.83   0.80
rc_panel    0.0514  0.0512  0.0556     0.74     0.82   0.69
rc_adaptive  0.0502  0.0501  0.0574     0.80     0.85   0.72

=== VaR 99% (n=328,704) ===
method        rate    calm  stress  kupiec%  christ%    dq%
normal      0.0324  0.0284  0.0668     0.05     0.79   0.03
fhs         0.0127  0.0121  0.0274     0.88     0.89   0.61
garch_t     0.0142  0.0107  0.0406     0.56     0.89   0.42
caviar      0.0172  0.0123  0.0538     0.52     0.81   0.35
aci         0.0133  0.0124  0.0306     0.60     0.83   0.48
rc_panel    0.0119  0.0115  0.0162     0.83     0.93   0.70
rc_adaptive  0.0107  0.0102  0.0177     0.89     0.91   0.72

saved -> /Users/shivamarora/Documents/research-final/reports/e3_var_summary.csv
