$AGN: possibly delisted; no timezone found

1 Failed download:
['AGN']: possibly delisted; no timezone found
$APC: possibly delisted; no price data found  (1d 2005-01-03 -> 2026-01-01) (Yahoo error = "Data doesn't exist for startDate = 1104728400, endDate = 1767243600")

1 Failed download:
['APC']: possibly delisted; no price data found  (1d 2005-01-03 -> 2026-01-01) (Yahoo error = "Data doesn't exist for startDate = 1104728400, endDate = 1767243600")
$ATVI: possibly delisted; no timezone found

1 Failed download:
['ATVI']: possibly delisted; no timezone found
$BLS: possibly delisted; no price data found  (1d 2005-01-03 -> 2026-01-01)

1 Failed download:
['BLS']: possibly delisted; no price data found  (1d 2005-01-03 -> 2026-01-01)
$BNI: possibly delisted; no price data found  (1d 2005-01-03 -> 2026-01-01)

1 Failed download:
['BNI']: possibly delisted; no price data found  (1d 2005-01-03 -> 2026-01-01)
$BRK_17778: possibly delisted; no timezone found

1 Failed download:
['BRK_17778']: possibly delisted; no timezone found
$BRK_83443: possibly delisted; no timezone found

1 Failed download:
['BRK_83443']: possibly delisted; no timezone found
$CELG: possibly delisted; no timezone found

1 Failed download:
['CELG']: possibly delisted; no timezone found
$DTV: possibly delisted; no timezone found

1 Failed download:
['DTV']: possibly delisted; no timezone found
$DWDP: possibly delisted; no timezone found

1 Failed download:
['DWDP']: possibly delisted; no timezone found
$FDC: possibly delisted; no timezone found

1 Failed download:
['FDC']: possibly delisted; no timezone found
$FI: possibly delisted; no timezone found

1 Failed download:
['FI']: possibly delisted; no timezone found
$FNM: possibly delisted; no price data found  (1d 2005-01-03 -> 2026-01-01)

1 Failed download:
['FNM']: possibly delisted; no price data found  (1d 2005-01-03 -> 2026-01-01)
$FRE: possibly delisted; no price data found  (1d 2005-01-03 -> 2026-01-01)

1 Failed download:
['FRE']: possibly delisted; no price data found  (1d 2005-01-03 -> 2026-01-01)
$KRB: possibly delisted; no price data found  (1d 2005-01-03 -> 2026-01-01)

1 Failed download:
['KRB']: possibly delisted; no price data found  (1d 2005-01-03 -> 2026-01-01)
$LEH: possibly delisted; no price data found  (1d 2005-01-03 -> 2026-01-01)

1 Failed download:
['LEH']: possibly delisted; no price data found  (1d 2005-01-03 -> 2026-01-01)
$LTR: possibly delisted; no price data found  (1d 2005-01-03 -> 2026-01-01)

1 Failed download:
['LTR']: possibly delisted; no price data found  (1d 2005-01-03 -> 2026-01-01)
$MER: possibly delisted; no price data found  (1d 2005-01-03 -> 2026-01-01) (Yahoo error = "Data doesn't exist for startDate = 1104728400, endDate = 1767243600")

1 Failed download:
['MER']: possibly delisted; no price data found  (1d 2005-01-03 -> 2026-01-01) (Yahoo error = "Data doesn't exist for startDate = 1104728400, endDate = 1767243600")
$MMC: possibly delisted; no timezone found

1 Failed download:
['MMC']: possibly delisted; no timezone found
$MON: possibly delisted; no timezone found

1 Failed download:
['MON']: possibly delisted; no timezone found
$MOT: possibly delisted; no price data found  (1d 2005-01-03 -> 2026-01-01)

1 Failed download:
['MOT']: possibly delisted; no price data found  (1d 2005-01-03 -> 2026-01-01)
$MRO: possibly delisted; no timezone found

1 Failed download:
['MRO']: possibly delisted; no timezone found
$NXTL: possibly delisted; no price data found  (1d 2005-01-03 -> 2026-01-01)

1 Failed download:
['NXTL']: possibly delisted; no price data found  (1d 2005-01-03 -> 2026-01-01)
$PX: possibly delisted; no timezone found

1 Failed download:
['PX']: possibly delisted; no timezone found
$RAI: possibly delisted; no price data found  (1d 2005-01-03 -> 2026-01-01)

1 Failed download:
['RAI']: possibly delisted; no price data found  (1d 2005-01-03 -> 2026-01-01)
$RTN: possibly delisted; no timezone found

1 Failed download:
['RTN']: possibly delisted; no timezone found
$SGP: possibly delisted; no price data found  (1d 2005-01-03 -> 2026-01-01) (Yahoo error = "Data doesn't exist for startDate = 1104728400, endDate = 1767243600")

1 Failed download:
['SGP']: possibly delisted; no price data found  (1d 2005-01-03 -> 2026-01-01) (Yahoo error = "Data doesn't exist for startDate = 1104728400, endDate = 1767243600")
$SQ: possibly delisted; no timezone found

1 Failed download:
['SQ']: possibly delisted; no timezone found
$S_14040: possibly delisted; no timezone found

1 Failed download:
['S_14040']: possibly delisted; no timezone found
$S_39087: possibly delisted; no timezone found

1 Failed download:
['S_39087']: possibly delisted; no timezone found
$TWC: possibly delisted; no price data found  (1d 2005-01-03 -> 2026-01-01)

1 Failed download:
['TWC']: possibly delisted; no price data found  (1d 2005-01-03 -> 2026-01-01)
$WBA: possibly delisted; no timezone found

1 Failed download:
['WBA']: possibly delisted; no timezone found
$WYE: possibly delisted; no price data found  (1d 2005-01-03 -> 2026-01-01)

1 Failed download:
['WYE']: possibly delisted; no price data found  (1d 2005-01-03 -> 2026-01-01)
$XTO: possibly delisted; no price data found  (1d 2005-01-03 -> 2026-01-01)

1 Failed download:
['XTO']: possibly delisted; no price data found  (1d 2005-01-03 -> 2026-01-01)
$YHOO: possibly delisted; no timezone found

1 Failed download:
['YHOO']: possibly delisted; no timezone found
=== (a) two-sided, alpha=0.10, aligned K=4 bins ===
marginal            0.896228
width               1.676457
width_stress        2.240694
cov_stress_upper    0.939686
cov_calm            0.896828
cov_normal          0.895891
cov_elevated        0.897998
cov_stress          0.883346
marginal            0.899212
width               1.714969
width_stress        2.326179
cov_stress_upper    0.939048
cov_calm            0.899966
cov_normal          0.899687
cov_elevated        0.899793
cov_stress          0.882779
  adaptive effective eta_hi (late-sample mean): calm=0.0092  normal=0.0082  elevated=0.0053  stress=0.0054

=== (b) one-sided VaR, alpha=0.05 ===
rate           0.050894
rate_calm      0.050597
rate_stress    0.054867
rate           0.050117
rate_calm      0.049976
rate_stress    0.056969
  adaptive effective eta_hi (late-sample mean): calm=0.0084  normal=0.0062  elevated=0.0053  stress=0.0161

=== (b) one-sided VaR, alpha=0.01 ===
rate           0.011878
rate_calm      0.011448
rate_stress    0.015728
rate           0.010722
rate_calm        0.0102
rate_stress    0.017323
  adaptive effective eta_hi (late-sample mean): calm=0.0150  normal=0.0114  elevated=0.0113  stress=0.0207

saved -> /Users/shivamarora/Documents/research-final/reports/e5_adaptive_rates.csv
