[e0_point_sanity] running (log: reports/logs/e0_point_sanity_run.log) ...
[e0_point_sanity] OK (319s)
[e1_prototype] running (log: reports/logs/e1_prototype_run.log) ...
[e1_prototype] OK (16s)
[e2_panel] running (log: reports/logs/e2_panel_run.log) ...
[e2_panel] OK (93s)
[e2_onset] running (log: reports/logs/e2_onset_run.log) ...
[e2_onset] OK (64s)
[e2_full] running (log: reports/logs/e2_full_run.log) ...
[e2_full] OK (114s)
[e3_var] running (log: reports/logs/e3_var_run.log) ...
[e3_var] OK (132s)
[e4_tsfm] running (log: reports/logs/e4_tsfm_run.log) ...
[e4_tsfm] OK (3s)
[e5_adaptive_rates] running (log: reports/logs/e5_adaptive_rates_run.log) ...
[e5_adaptive_rates] OK (89s)
[e6_ablations] running (log: reports/logs/e6_ablations_run.log) ...
[e6_ablations] FAILED (exit 1) — see /Users/shivamarora/Documents/research-final/reports/logs/e6_ablations_run.log
[e6_ablations] running (log: reports/logs/e6_ablations_run.log) ...
[e6_ablations] OK (585s)
[e9_stress_windows] running (log: reports/logs/e9_stress_windows_run.log) ...
[e9_stress_windows] OK (44s)
[e10_holdout] running (log: reports/logs/e10_holdout_run.log) ...
[e10_holdout] OK (74s)
[e12_alpha_sweep] running (log: reports/logs/e12_alpha_sweep_run.log) ...
[e12_alpha_sweep] OK (127s)

ALL EXPERIMENTS REPRODUCED
