=== (a) two-sided, alpha=0.10, aligned K=4 bins ===
marginal            0.896222
width               1.675309
width_stress        2.169526
cov_stress_upper    0.937801
cov_calm            0.896878
cov_normal          0.896155
cov_elevated        0.897476
cov_stress            0.8828
marginal            0.899066
width               1.711443
width_stress        2.248263
cov_stress_upper    0.939499
cov_calm            0.899913
cov_normal          0.899602
cov_elevated        0.899183
cov_stress            0.8828
  adaptive effective eta_hi (late-sample mean): calm=0.0084  normal=0.0077  elevated=0.0057  stress=0.0094

=== (b) one-sided VaR, alpha=0.05 ===
rate           0.051492
rate_calm      0.051079
rate_stress    0.056306
rate           0.050068
rate_calm      0.049928
rate_stress    0.056916
  adaptive effective eta_hi (late-sample mean): calm=0.0080  normal=0.0059  elevated=0.0056  stress=0.0170

=== (b) one-sided VaR, alpha=0.01 ===
rate            0.01191
rate_calm      0.011374
rate_stress    0.017095
rate           0.010754
rate_calm      0.010171
rate_stress    0.018588
  adaptive effective eta_hi (late-sample mean): calm=0.0146  normal=0.0113  elevated=0.0118  stress=0.0204

saved -> /Users/shivamarora/Documents/research-final/reports/e5_adaptive_rates.csv
